
[[ 2023/12/29 下午 04:08:54 ]] -- GetSmode --

Host Name:                 DESKTOP-VD92848
OS Name:                   Microsoft Windows 11 專業版
OS Version:                10.0.22621 N/A Build 22621
OS Manufacturer:           Microsoft Corporation
OS Configuration:          Standalone Workstation
OS Build Type:             Multiprocessor Free
Registered Owner:          Windows 使用者
Registered Organization:   
Product ID:                00330-80000-00000-AA711
Original Install Date:     2023/8/14, 上午 08:18:20
System Boot Time:          2023/12/29, 下午 03:39:49
System Manufacturer:       Acer
System Model:              Predator PH16-71
System Type:               x64-based PC
Processor(s):              1 Processor(s) Installed.
                           [01]: Intel64 Family 6 Model 183 Stepping 1 GenuineIntel ~2200 Mhz
BIOS Version:              INSYDE Corp. V1.15, 2023/9/7
Windows Directory:         C:\Windows
System Directory:          C:\Windows\system32
Boot Device:               \Device\HarddiskVolume1
System Locale:             zh-tw;Chinese (Taiwan)
Input Locale:              zh-tw;Chinese (Taiwan)
Time Zone:                 (UTC+08:00) Taipei
Total Physical Memory:     32,504 MB
Available Physical Memory: 24,228 MB
Virtual Memory: Max Size:  34,552 MB
Virtual Memory: Available: 23,986 MB
Virtual Memory: In Use:    10,566 MB
Page File Location(s):     C:\pagefile.sys
Domain:                    WORKGROUP
Logon Server:              N/A
Hotfix(s):                 3 Hotfix(s) Installed.
                           [01]: KB5032007
                           [02]: KB5033375
                           [03]: KB5032393
Network Card(s):           3 NIC(s) Installed.
                           [01]: Killer E2600 Gigabit Ethernet Controller
                                 Connection Name: 乙太網路
                                 Status:          Media disconnected
                           [02]: Bluetooth Device (Personal Area Network)
                                 Connection Name: 藍牙網路連線
                                 Status:          Media disconnected
                           [03]: Killer(R) Wi-Fi 6E AX1675i 160MHz Wireless Network Adapter (211NGW)
                                 Connection Name: Wi-Fi
                                 Status:          Media disconnected
Hyper-V Requirements:      VM Monitor Mode Extensions: Yes
                           Virtualization Enabled In Firmware: Yes
                           Second Level Address Translation: Yes
                           Data Execution Prevention Available: Yes


This system is not in S-mode

