[2023-12-05 16:29:22] Download.. Test_Collection.dll
[2023-12-05 16:29:22]    === Test_Collection.dll attached ===
[2023-12-05 16:29:22] Download.... Abst64.exe
[2023-12-05 16:29:22] Download.... Abt1.ps1
[2023-12-05 16:29:22] Download.... C1.dll
[2023-12-05 16:29:22] Download.... Info.ps1
[2023-12-05 16:29:22] Download.... pwrtest.exe
[2023-12-05 16:29:22] Download.... Test3.dll
[2023-12-05 16:29:22] Download.... TestCase.exe
[2023-12-05 16:29:22] Download.... TestItem1.dll
[2023-12-05 16:29:22] Download.... TestItem2.dll
[2023-12-05 16:29:22] Download.... Test_Collection.dll
[2023-12-05 16:29:22] ======Download finished======
[2023-12-05 16:35:20] Download.. Test_Collection.dll
[2023-12-05 16:35:20]    === Test_Collection.dll attached ===
[2023-12-05 16:35:20] Download.... Abst64.exe
[2023-12-05 16:35:20] Download.... Abt1.ps1
[2023-12-05 16:35:20] Download.... C1.dll
[2023-12-05 16:35:20] Download.... Info.ps1
[2023-12-05 16:35:20] Download.... pwrtest.exe
[2023-12-05 16:35:20] Download.... Test3.dll
[2023-12-05 16:35:20] Download.... TestCase.exe
[2023-12-05 16:35:20] Download.... TestItem1.dll
[2023-12-05 16:35:20] Download.... TestItem2.dll
[2023-12-05 16:35:20] Download.... Test_Collection.dll
[2023-12-05 16:35:20] ======Download finished======
