[2023-12-04 16:37:16] Download.. TestManager
[2023-12-04 16:37:16] Download.... Common.dll
[2023-12-04 16:37:16] Download.... Download.ps1
[2023-12-04 16:37:16] Download.... Get_Job.ps1
[2023-12-04 16:37:17] Download.... Get_PXE.ps1
[2023-12-04 16:37:17] Download.... Server.json
[2023-12-04 16:37:17] Download.... signtool.exe
[2023-12-04 16:37:17] Download.... test.bat
[2023-12-04 16:37:17] Download.... TestManager.exe
[2023-12-04 16:37:17] Download.... TR_Result.json
[2023-12-04 16:37:17] Download.... Update_Job_Status.ps1
[2023-12-04 16:37:17] Download.... Upload.ps1
[2023-12-04 16:37:17] ======Download finished======
[2023-12-04 16:39:17] Download.. TestManager
[2023-12-04 16:39:17] Download.... Common.dll
[2023-12-04 16:39:17] Download.... Download.ps1
[2023-12-04 16:39:17] Download.... Download_process.log
[2023-12-04 16:39:17] Download.... Get_Job.ps1
[2023-12-04 16:39:17] Download.... Get_PXE.ps1
[2023-12-04 16:39:17] Download.... Server.json
[2023-12-04 16:39:17] Download.... signtool.exe
[2023-12-04 16:39:17] Download.... test.bat
[2023-12-04 16:39:17] Download.... TestManager.exe
[2023-12-04 16:39:17] Download.... TestManager.log
[2023-12-04 16:39:17] Download.... TR_Result.json
[2023-12-04 16:39:17] Download.... UpdateT_process.log
[2023-12-04 16:39:17] Download.... Update_Job_Status.ps1
[2023-12-04 16:39:17] Download.... Upload.ps1
[2023-12-04 16:39:17] Download.... Upload_process.log
[2023-12-04 16:39:17] ======Download finished======
